<?xml version="1.0" encoding="UTF-8"?>
<testsuite xmlns:xsi="http://www.w3.org/2001/XMLSchema-instance" xsi:noNamespaceSchemaLocation="https://maven.apache.org/surefire/maven-surefire-plugin/xsd/surefire-test-report-3.0.xsd" version="3.0" name="TestSuite" time="159.522" tests="5" errors="0" skipped="0" failures="0">
  <properties>
[...]
</properties>
  <testcase name="runWebScraperTest" classname="com.browserstack.assignment.WebScrapTest" time="81.938">
    <system-out><![CDATA[ðŸ”¹ Started test on chrome | Thread: 17
ðŸ”¹ Started test on Safari | Thread: 18
ðŸ”¹ Started test on firefox | Thread: 21
âœ… Site is displayed in Spanish.
âœ… Site is displayed in Spanish.
âœ… Site is displayed in Spanish.
âœ… Closed cookie popup.
âœ… Closed cookie popup.
ðŸ”¹ Started test on  | Thread: 19
ðŸ”¹ Started test on msedge | Thread: 20
âœ… Closed cookie popup.
âœ… Site is displayed in Spanish.
âœ… Site is displayed in Spanish.
âœ… Closed cookie popup.
â„¹ï¸� No popup on article page.
â„¹ï¸� No popup appeared.
ðŸ“� Translated Title: Singularity
ðŸ–¼ï¸� Saved cover image: article1.jpg
ðŸ”¹ Article 1
Title: Singularidad
Content (first 200 chars): Creo que no es agradable besarle los pies a alguien. Pero la reverencia al poder busca todo tipo de materialidades con que manifestar adhesión, y encontró hace siglos que el beso postrado ante el tron...
--------------------------------------------------
â„¹ï¸� No popup on article page.
ðŸ“� Translated Title: Singularity
â„¹ï¸� No popup on article page.
ðŸ–¼ï¸� Saved cover image: article1.jpg
ðŸ”¹ Article 1
Title: Singularidad
Content (first 200 chars): Creo que no es agradable besarle los pies a alguien. Pero la reverencia al poder busca todo tipo de materialidades con que manifestar adhesión, y encontró hace siglos que el beso postrado ante el tron...
--------------------------------------------------
ðŸ“� Translated Title: Singularity
ðŸ–¼ï¸� Saved cover image: article1.jpg
ðŸ”¹ Article 1
Title: Singularidad
Content (first 200 chars): Creo que no es agradable besarle los pies a alguien. Pero la reverencia al poder busca todo tipo de materialidades con que manifestar adhesión, y encontró hace siglos que el beso postrado ante el tron...
--------------------------------------------------
â„¹ï¸� No popup on article page.
ðŸ“� Translated Title: The sea is no longer eternal
ðŸ–¼ï¸� Saved cover image: article2.jpg
ðŸ”¹ Article 2
Title: El mar ya no es eterno
Content (first 200 chars): Nada más llegar al hotel, y antes siquiera de bajar a la playa, ya lo gana a uno la sensación acogedora de la intemporalidad. Atrás, en Madrid, en las salidas congestionadas de las autopistas, en el t...
--------------------------------------------------
â„¹ï¸� No popup on article page.
ðŸ“� Translated Title: Singularity
â„¹ï¸� No popup on article page.
ðŸ“� Translated Title: The sea is no longer eternal
ðŸ–¼ï¸� Saved cover image: article1.jpg
ðŸ”¹ Article 1
Title: Singularidad
Content (first 200 chars): 











...
--------------------------------------------------
â„¹ï¸� No popup on article page.
ðŸ“� Translated Title: The sea is no longer eternal
ðŸ–¼ï¸� Saved cover image: article2.jpg
ðŸ”¹ Article 2
Title: El mar ya no es eterno
Content (first 200 chars): Nada más llegar al hotel, y antes siquiera de bajar a la playa, ya lo gana a uno la sensación acogedora de la intemporalidad. Atrás, en Madrid, en las salidas congestionadas de las autopistas, en el t...
--------------------------------------------------
ðŸ–¼ï¸� Saved cover image: article2.jpg
ðŸ”¹ Article 2
Title: El mar ya no es eterno
Content (first 200 chars): Nada más llegar al hotel, y antes siquiera de bajar a la playa, ya lo gana a uno la sensación acogedora de la intemporalidad. Atrás, en Madrid, en las salidas congestionadas de las autopistas, en el t...
--------------------------------------------------
â„¹ï¸� No popup on article page.
ðŸ“� Translated Title: Singularity
â„¹ï¸� No popup on article page.
ðŸ“� Translated Title: Dead times
ðŸ–¼ï¸� Saved cover image: article1.jpg
ðŸ”¹ Article 1
Title: Singularidad
Content (first 200 chars): Creo que no es agradable besarle los pies a alguien. Pero la reverencia al poder busca todo tipo de materialidades con que manifestar adhesión, y encontró hace siglos que el beso postrado ante el tron...
--------------------------------------------------
â„¹ï¸� No popup on article page.
ðŸ“� Translated Title: The sea is no longer eternal
ðŸ–¼ï¸� Saved cover image: article2.jpg
ðŸ”¹ Article 2
Title: El mar ya no es eterno
Content (first 200 chars): 












...
--------------------------------------------------
â„¹ï¸� No popup on article page.
ðŸ“� Translated Title: Dead times
â„¹ï¸� No popup on article page.
ðŸ“� Translated Title: Dead times
â„¹ï¸� No popup on article page.
ðŸ“� Translated Title: Dead times
â�Œ No content found in article: https://elpais.com/opinion/2025-07-07/tiempos-muertos.html
â„¹ï¸� No popup on article page.
ðŸ“� Translated Title: The sea is no longer eternal
ðŸ–¼ï¸� Saved cover image: article2.jpg
ðŸ”¹ Article 2
Title: El mar ya no es eterno
Content (first 200 chars): Nada más llegar al hotel, y antes siquiera de bajar a la playa, ya lo gana a uno la sensación acogedora de la intemporalidad. Atrás, en Madrid, en las salidas congestionadas de las autopistas, en el t...
--------------------------------------------------
â„¹ï¸� No popup on article page.
ðŸ“� Translated Title: Macron's great failure
ðŸ–¼ï¸� Saved cover image: article3.jpg
ðŸ”¹ Article 3
Title: El gran fracaso de Macron
Content (first 200 chars): 











...
--------------------------------------------------
â„¹ï¸� No popup on article page.
ðŸ“� Translated Title: Dead times
â�Œ No content found in article: https://elpais.com/opinion/2025-07-07/tiempos-muertos.html
â„¹ï¸� No popup on article page.
ðŸ“� Translated Title: Restricted entrance
ðŸ–¼ï¸� Saved cover image: article4.jpg
ðŸ”¹ Article 4
Title: Entrada restringida
Content (first 200 chars): 








...
--------------------------------------------------

ðŸ“Š Analyzing Translated Headers for Repeated Words:
âœ… No words repeated more than twice.
]]></system-out>
    <system-err><![CDATA[SLF4J: Failed to load class "org.slf4j.impl.StaticLoggerBinder".
SLF4J: Defaulting to no-operation (NOP) logger implementation
SLF4J: See http://www.slf4j.org/codes.html#StaticLoggerBinder for further details.
Jul 12, 2025 1:15:26 PM org.openqa.selenium.remote.tracing.opentelemetry.OpenTelemetryTracer createTracer
INFO: Using OpenTelemetry for tracing
]]></system-err>
  </testcase>
  <testcase name="runWebScraperTest" classname="com.browserstack.assignment.WebScrapTest" time="104.687">
    <system-out><![CDATA[â�Œ No content found in article: https://elpais.com/opinion/2025-07-07/tiempos-muertos.html
â�Œ No content found in article: https://elpais.com/opinion/2025-07-07/tiempos-muertos.html
â„¹ï¸� No popup on article page.
ðŸ“� Translated Title: Macron's great failure
ðŸ–¼ï¸� Saved cover image: article3.jpg
ðŸ”¹ Article 3
Title: El gran fracaso de Macron
Content (first 200 chars): El Instituto Nacional de Estadística de Francia ha publicado esta semana una serie de datos que representan una dura condena política de la presidencia de Emmanuel Macron. En 2023, se registró la tasa...
--------------------------------------------------
â„¹ï¸� No popup on article page.
ðŸ“� Translated Title: Macron's great failure
â„¹ï¸� No popup on article page.
ðŸ–¼ï¸� Saved cover image: article3.jpg
ðŸ”¹ Article 3
Title: El gran fracaso de Macron
Content (first 200 chars): El Instituto Nacional de Estadística de Francia ha publicado esta semana una serie de datos que representan una dura condena política de la presidencia de Emmanuel Macron. En 2023, se registró la tasa...
--------------------------------------------------
ðŸ“� Translated Title: Macron's great failure
ðŸ–¼ï¸� Saved cover image: article3.jpg
ðŸ”¹ Article 3
Title: El gran fracaso de Macron
Content (first 200 chars): El Instituto Nacional de Estadística de Francia ha publicado esta semana una serie de datos que representan una dura condena política de la presidencia de Emmanuel Macron. En 2023, se registró la tasa...
--------------------------------------------------
â„¹ï¸� No popup on article page.
ðŸ“� Translated Title: Restricted entrance
ðŸ–¼ï¸� Saved cover image: article4.jpg
ðŸ”¹ Article 4
Title: Entrada restringida
Content (first 200 chars): Estaba hace poco en Palma de Mallorca. Salí a caminar. Llegué a una iglesia. En la entrada había dos carteles con la señal de “Prohibido el paso”, y la frase: “Entrada restringida. Solo para quienes a...
--------------------------------------------------

ðŸ“Š Analyzing Translated Headers for Repeated Words:
âœ… No words repeated more than twice.
]]></system-out>
  </testcase>
  <testcase name="runWebScraperTest" classname="com.browserstack.assignment.WebScrapTest" time="110.722">
    <system-out><![CDATA[â„¹ï¸� No popup on article page.
ðŸ“� Translated Title: Restricted entrance
â„¹ï¸� No popup on article page.
ðŸ“� Translated Title: Restricted entrance
ðŸ–¼ï¸� Saved cover image: article4.jpg
ðŸ”¹ Article 4
Title: Entrada restringida
Content (first 200 chars): Estaba hace poco en Palma de Mallorca. Salí a caminar. Llegué a una iglesia. En la entrada había dos carteles con la señal de “Prohibido el paso”, y la frase: “Entrada restringida. Solo para quienes a...
--------------------------------------------------

ðŸ“Š Analyzing Translated Headers for Repeated Words:
âœ… No words repeated more than twice.
]]></system-out>
  </testcase>
  <testcase name="runWebScraperTest" classname="com.browserstack.assignment.WebScrapTest" time="111.027">
    <system-out><![CDATA[ðŸ–¼ï¸� Saved cover image: article4.jpg
ðŸ”¹ Article 4
Title: Entrada restringida
Content (first 200 chars): Estaba hace poco en Palma de Mallorca. Salí a caminar. Llegué a una iglesia. En la entrada había dos carteles con la señal de “Prohibido el paso”, y la frase: “Entrada restringida. Solo para quienes a...
--------------------------------------------------

ðŸ“Š Analyzing Translated Headers for Repeated Words:
âœ… No words repeated more than twice.
]]></system-out>
  </testcase>
  <testcase name="runWebScraperTest" classname="com.browserstack.assignment.WebScrapTest" time="138.261">
    <system-out><![CDATA[â�Œ No content found in article: https://elpais.com/opinion/2025-07-07/tiempos-muertos.html
â„¹ï¸� No popup on article page.
ðŸ“� Translated Title: Macron's great failure
ðŸ–¼ï¸� Saved cover image: article3.jpg
ðŸ”¹ Article 3
Title: El gran fracaso de Macron
Content (first 200 chars): El Instituto Nacional de Estadística de Francia ha publicado esta semana una serie de datos que representan una dura condena política de la presidencia de Emmanuel Macron. En 2023, se registró la tasa...
--------------------------------------------------
â„¹ï¸� No popup on article page.
ðŸ“� Translated Title: Restricted entrance
ðŸ–¼ï¸� Saved cover image: article4.jpg
ðŸ”¹ Article 4
Title: Entrada restringida
Content (first 200 chars): Estaba hace poco en Palma de Mallorca. Salí a caminar. Llegué a una iglesia. En la entrada había dos carteles con la señal de “Prohibido el paso”, y la frase: “Entrada restringida. Solo para quienes a...
--------------------------------------------------

ðŸ“Š Analyzing Translated Headers for Repeated Words:
âœ… No words repeated more than twice.
]]></system-out>
  </testcase>
</testsuite>