<?xml version="1.0" encoding="UTF-8"?>
<testng-results ignored="0" total="5" passed="5" failed="0" skipped="0">
  <reporter-output>
  </reporter-output>
  <suite started-at="2025-07-12T19:16:23 IST" name="BrowserStack Parallel Suite" finished-at="2025-07-12T19:21:20 IST" duration-ms="297588">
    <groups>
    </groups>
    <test started-at="2025-07-12T19:16:23 IST" name="Firefox-Mac" finished-at="2025-07-12T19:18:26 IST" duration-ms="122843">
      <class name="com.browserstack.assignment.WebScrapTest">
        <test-method is-config="true" signature="setUp(java.lang.String,java.lang.String,java.lang.String,java.lang.String,java.lang.String)[pri:0, instance:com.browserstack.assignment.WebScrapTest@5d12a356]" started-at="2025-07-12T19:16:23 IST" name="setUp" finished-at="2025-07-12T19:16:30 IST" duration-ms="6962" status="PASS">
          <params>
            <param index="0">
              <value>
                <![CDATA[Firefox]]>
              </value>
            </param>
            <param index="1">
              <value>
                <![CDATA[110.0]]>
              </value>
            </param>
            <param index="2">
              <value>
                <![CDATA[OS X]]>
              </value>
            </param>
            <param index="3">
              <value>
                <![CDATA[Monterey]]>
              </value>
            </param>
            <param index="4">
              <value>
                <![CDATA[]]>
              </value>
            </param>
          </params>
          <reporter-output>
          </reporter-output>
        </test-method> <!-- setUp -->
        <test-method signature="runWebScraperTest()[pri:0, instance:com.browserstack.assignment.WebScrapTest@5d12a356]" started-at="2025-07-12T19:16:30 IST" name="runWebScraperTest" finished-at="2025-07-12T19:18:23 IST" duration-ms="113335" status="PASS">
          <reporter-output>
          </reporter-output>
        </test-method> <!-- runWebScraperTest -->
        <test-method is-config="true" signature="tearDown(org.testng.ITestResult)[pri:0, instance:com.browserstack.assignment.WebScrapTest@5d12a356]" started-at="2025-07-12T19:18:23 IST" name="tearDown" finished-at="2025-07-12T19:18:26 IST" duration-ms="2467" status="PASS">
          <params>
            <param index="0">
              <value>
                <![CDATA[[TestResult name=runWebScraperTest status=SUCCESS method=WebScrapTest.runWebScraperTest()[pri:0, instance:com.browserstack.assignment.WebScrapTest@5d12a356] output={null}]]]>
              </value>
            </param>
          </params>
          <reporter-output>
          </reporter-output>
        </test-method> <!-- tearDown -->
      </class> <!-- com.browserstack.assignment.WebScrapTest -->
    </test> <!-- Firefox-Mac -->
    <test started-at="2025-07-12T19:16:23 IST" name="Edge-Windows" finished-at="2025-07-12T19:18:56 IST" duration-ms="152882">
      <class name="com.browserstack.assignment.WebScrapTest">
        <test-method is-config="true" signature="setUp(java.lang.String,java.lang.String,java.lang.String,java.lang.String,java.lang.String)[pri:0, instance:com.browserstack.assignment.WebScrapTest@176b3f44]" started-at="2025-07-12T19:16:23 IST" name="setUp" finished-at="2025-07-12T19:16:37 IST" duration-ms="13715" status="PASS">
          <params>
            <param index="0">
              <value>
                <![CDATA[Edge]]>
              </value>
            </param>
            <param index="1">
              <value>
                <![CDATA[114.0]]>
              </value>
            </param>
            <param index="2">
              <value>
                <![CDATA[Windows]]>
              </value>
            </param>
            <param index="3">
              <value>
                <![CDATA[10]]>
              </value>
            </param>
            <param index="4">
              <value>
                <![CDATA[]]>
              </value>
            </param>
          </params>
          <reporter-output>
          </reporter-output>
        </test-method> <!-- setUp -->
        <test-method signature="runWebScraperTest()[pri:0, instance:com.browserstack.assignment.WebScrapTest@176b3f44]" started-at="2025-07-12T19:16:37 IST" name="runWebScraperTest" finished-at="2025-07-12T19:18:54 IST" duration-ms="137480" status="PASS">
          <reporter-output>
          </reporter-output>
        </test-method> <!-- runWebScraperTest -->
        <test-method is-config="true" signature="tearDown(org.testng.ITestResult)[pri:0, instance:com.browserstack.assignment.WebScrapTest@176b3f44]" started-at="2025-07-12T19:18:54 IST" name="tearDown" finished-at="2025-07-12T19:18:56 IST" duration-ms="1617" status="PASS">
          <params>
            <param index="0">
              <value>
                <![CDATA[[TestResult name=runWebScraperTest status=SUCCESS method=WebScrapTest.runWebScraperTest()[pri:0, instance:com.browserstack.assignment.WebScrapTest@176b3f44] output={null}]]]>
              </value>
            </param>
          </params>
          <reporter-output>
          </reporter-output>
        </test-method> <!-- tearDown -->
      </class> <!-- com.browserstack.assignment.WebScrapTest -->
    </test> <!-- Edge-Windows -->
    <test started-at="2025-07-12T19:16:23 IST" name="Chrome-Windows" finished-at="2025-07-12T19:19:01 IST" duration-ms="157985">
      <class name="com.browserstack.assignment.WebScrapTest">
        <test-method is-config="true" signature="setUp(java.lang.String,java.lang.String,java.lang.String,java.lang.String,java.lang.String)[pri:0, instance:com.browserstack.assignment.WebScrapTest@8ad6665]" started-at="2025-07-12T19:16:23 IST" name="setUp" finished-at="2025-07-12T19:16:29 IST" duration-ms="6441" status="PASS">
          <params>
            <param index="0">
              <value>
                <![CDATA[Chrome]]>
              </value>
            </param>
            <param index="1">
              <value>
                <![CDATA[120.0]]>
              </value>
            </param>
            <param index="2">
              <value>
                <![CDATA[Windows]]>
              </value>
            </param>
            <param index="3">
              <value>
                <![CDATA[10]]>
              </value>
            </param>
            <param index="4">
              <value>
                <![CDATA[]]>
              </value>
            </param>
          </params>
          <reporter-output>
          </reporter-output>
        </test-method> <!-- setUp -->
        <test-method signature="runWebScraperTest()[pri:0, instance:com.browserstack.assignment.WebScrapTest@8ad6665]" started-at="2025-07-12T19:16:29 IST" name="runWebScraperTest" finished-at="2025-07-12T19:18:59 IST" duration-ms="149672" status="PASS">
          <reporter-output>
          </reporter-output>
        </test-method> <!-- runWebScraperTest -->
        <test-method is-config="true" signature="tearDown(org.testng.ITestResult)[pri:0, instance:com.browserstack.assignment.WebScrapTest@8ad6665]" started-at="2025-07-12T19:18:59 IST" name="tearDown" finished-at="2025-07-12T19:19:01 IST" duration-ms="1797" status="PASS">
          <params>
            <param index="0">
              <value>
                <![CDATA[[TestResult name=runWebScraperTest status=SUCCESS method=WebScrapTest.runWebScraperTest()[pri:0, instance:com.browserstack.assignment.WebScrapTest@8ad6665] output={null}]]]>
              </value>
            </param>
          </params>
          <reporter-output>
          </reporter-output>
        </test-method> <!-- tearDown -->
      </class> <!-- com.browserstack.assignment.WebScrapTest -->
    </test> <!-- Chrome-Windows -->
    <test started-at="2025-07-12T19:16:23 IST" name="iPhone" finished-at="2025-07-12T19:20:02 IST" duration-ms="219120">
      <class name="com.browserstack.assignment.WebScrapTest">
        <test-method is-config="true" signature="setUp(java.lang.String,java.lang.String,java.lang.String,java.lang.String,java.lang.String)[pri:0, instance:com.browserstack.assignment.WebScrapTest@18a136ac]" started-at="2025-07-12T19:16:23 IST" name="setUp" finished-at="2025-07-12T19:18:37 IST" duration-ms="134278" status="PASS">
          <params>
            <param index="0">
              <value>
                <![CDATA[Chromium]]>
              </value>
            </param>
            <param index="1">
              <value>
                <![CDATA[]]>
              </value>
            </param>
            <param index="2">
              <value>
                <![CDATA[]]>
              </value>
            </param>
            <param index="3">
              <value>
                <![CDATA[15]]>
              </value>
            </param>
            <param index="4">
              <value>
                <![CDATA[iPhone 13]]>
              </value>
            </param>
          </params>
          <reporter-output>
          </reporter-output>
        </test-method> <!-- setUp -->
        <test-method signature="runWebScraperTest()[pri:0, instance:com.browserstack.assignment.WebScrapTest@18a136ac]" started-at="2025-07-12T19:18:37 IST" name="runWebScraperTest" finished-at="2025-07-12T19:20:00 IST" duration-ms="82957" status="PASS">
          <reporter-output>
          </reporter-output>
        </test-method> <!-- runWebScraperTest -->
        <test-method is-config="true" signature="tearDown(org.testng.ITestResult)[pri:0, instance:com.browserstack.assignment.WebScrapTest@18a136ac]" started-at="2025-07-12T19:20:00 IST" name="tearDown" finished-at="2025-07-12T19:20:02 IST" duration-ms="1806" status="PASS">
          <params>
            <param index="0">
              <value>
                <![CDATA[[TestResult name=runWebScraperTest status=SUCCESS method=WebScrapTest.runWebScraperTest()[pri:0, instance:com.browserstack.assignment.WebScrapTest@18a136ac] output={null}]]]>
              </value>
            </param>
          </params>
          <reporter-output>
          </reporter-output>
        </test-method> <!-- tearDown -->
      </class> <!-- com.browserstack.assignment.WebScrapTest -->
    </test> <!-- iPhone -->
    <test started-at="2025-07-12T19:16:23 IST" name="Safari-Mac" finished-at="2025-07-12T19:21:20 IST" duration-ms="297585">
      <class name="com.browserstack.assignment.WebScrapTest">
        <test-method is-config="true" signature="setUp(java.lang.String,java.lang.String,java.lang.String,java.lang.String,java.lang.String)[pri:0, instance:com.browserstack.assignment.WebScrapTest@6d1ef78d]" started-at="2025-07-12T19:16:23 IST" name="setUp" finished-at="2025-07-12T19:16:28 IST" duration-ms="5054" status="PASS">
          <params>
            <param index="0">
              <value>
                <![CDATA[Safari]]>
              </value>
            </param>
            <param index="1">
              <value>
                <![CDATA[15.6]]>
              </value>
            </param>
            <param index="2">
              <value>
                <![CDATA[OS X]]>
              </value>
            </param>
            <param index="3">
              <value>
                <![CDATA[Monterey]]>
              </value>
            </param>
            <param index="4">
              <value>
                <![CDATA[]]>
              </value>
            </param>
          </params>
          <reporter-output>
          </reporter-output>
        </test-method> <!-- setUp -->
        <test-method signature="runWebScraperTest()[pri:0, instance:com.browserstack.assignment.WebScrapTest@6d1ef78d]" started-at="2025-07-12T19:16:28 IST" name="runWebScraperTest" finished-at="2025-07-12T19:21:19 IST" duration-ms="290754" status="PASS">
          <reporter-output>
          </reporter-output>
        </test-method> <!-- runWebScraperTest -->
        <test-method is-config="true" signature="tearDown(org.testng.ITestResult)[pri:0, instance:com.browserstack.assignment.WebScrapTest@6d1ef78d]" started-at="2025-07-12T19:21:19 IST" name="tearDown" finished-at="2025-07-12T19:21:20 IST" duration-ms="1704" status="PASS">
          <params>
            <param index="0">
              <value>
                <![CDATA[[TestResult name=runWebScraperTest status=SUCCESS method=WebScrapTest.runWebScraperTest()[pri:0, instance:com.browserstack.assignment.WebScrapTest@6d1ef78d] output={null}]]]>
              </value>
            </param>
          </params>
          <reporter-output>
          </reporter-output>
        </test-method> <!-- tearDown -->
      </class> <!-- com.browserstack.assignment.WebScrapTest -->
    </test> <!-- Safari-Mac -->
  </suite> <!-- BrowserStack Parallel Suite -->
</testng-results>
